cursor.AppImage: ignoring input

> ndc-conference-2025@1.0.0 dev
> next dev -p 3000

 тип Failed to start server
Error: listen EADDRINUSE: address already in use :::3000
    at Server.setupListenHandle [as _listen2] (node:net:1902:16)
    at listenInCluster (node:net:1959:12)
    at Server.listen (node:net:2061:7)
    at /home/peter/Desktop/dev/ntlp/ntlp-frontend/node_modules/next/dist/server/lib/start-server.js:280:16
    at new Promise (<anonymous>)
    at startServer (/home/peter/Desktop/dev/ntlp/ntlp-frontend/node_modules/next/dist/server/lib/start-server.js:191:11)
    at /home/peter/Desktop/dev/ntlp/ntlp-frontend/node_modules/next/dist/server/lib/start-server.js:310:52
    at Span.traceAsyncFn (/home/peter/Desktop/dev/ntlp/ntlp-frontend/node_modules/next/dist/trace/trace.js:154:26)
    at process.<anonymous> (/home/peter/Desktop/dev/ntlp/ntlp-frontend/node_modules/next/dist/server/lib/start-server.js:310:35)
    at process.emit (node:events:524:28) {
  code: 'EADDRINUSE',
  errno: -98,
  syscall: 'listen',
  address: '::',
  port: 3000
}
[?25h
